#+TITLE: NOTES
#+STARTUP: fold

* NOTES
** Address                                                               :NOTE:
   :PROPERTIES:
   :VISIBILITY: all
   :END:

      | Location |                   Ip | User | Passwd           |
      |----------+----------------------+------+------------------|
      | bejing   |          47.94.17.50 | root | Yudong*2017      |
      | shanghai |       139.196.101.57 | root | YuDong*2017      |
      | jinan    | 124.126.126.194(202) | root | Elmeast!@#-SO    |
      | hongkong |         128.1.170.74 | root | 4gOgb1Lbm*mN$9cz |
      | dongjing |          47.74.15.82 | root | 12‰Ωç             |

** this is a test note1                                                   :NOTE:
 [2018-12-12 Wed 19:47]
 [[file:~/.emacs.d/my/major-mode/my-org.el::"*%20%25?%20:INBOX:\n%25U\n"))))]]
** this is a test note2                                                   :NOTE:
 [2018-12-12 Wed 19:48]
 [[file:~/.emacs.d/my/major-mode/my-org.el::"*%20%25?%20:INBOX:\n%25U\n"))))]]
